

================================================================
== Vivado HLS Report for 'filter_hls'
================================================================
* Date:           Tue Jan 30 16:07:50 2024

* Version:        2017.2 (Build 1909853 on Thu Jun 15 18:55:24 MDT 2017)
* Project:        filter
* Solution:       solution1
* Product family: zynq
* Target device:  xc7z020clg400-1


================================================================
== Performance Estimates
================================================================
+ Timing (ns): 
    * Summary: 
    +--------+-------+----------+------------+
    |  Clock | Target| Estimated| Uncertainty|
    +--------+-------+----------+------------+
    |ap_clk  |   8.00|     14.15|        1.00|
    +--------+-------+----------+------------+

+ Latency (clock cycles): 
    * Summary: 
    +---------+---------+---------+---------+---------+
    |      Latency      |      Interval     | Pipeline|
    |   min   |   max   |   min   |   max   |   Type  |
    +---------+---------+---------+---------+---------+
    |  2076608|  2076608|  2076609|  2076609|   none  |
    +---------+---------+---------+---------+---------+

    + Detail: 
        * Instance: 
        N/A

        * Loop: 
        +-----------------+---------+---------+----------+-----------+-----------+---------+----------+
        |                 |      Latency      | Iteration|  Initiation Interval  |   Trip  |          |
        |    Loop Name    |   min   |   max   |  Latency |  achieved |   target  |  Count  | Pipelined|
        +-----------------+---------+---------+----------+-----------+-----------+---------+----------+
        |- y_loop_x_loop  |  2076606|  2076606|         7|          1|          1|  2076601|    yes   |
        +-----------------+---------+---------+----------+-----------+-----------+---------+----------+

============================================================
+ Verbose Summary: Synthesis Manager
============================================================
InlineROM: 1
ExposeGlobal: 0
============================================================
+ Verbose Summary: CDFG Model
============================================================
IsTopModel: 1
ResetActiveHigh: 1
IsCombinational: 0
IsDatapathOnly: 0
HasWiredReturn: 1
HasMFsm: 0
HasVarLatency: 1
IsPipeline: 0
IsRtlPipelined: 0
IsInstanceOverlapped: 0
IsDontTouch: 0
HasImplIP: 0
IsGatedGlobalClock: 0

+ Individual pipeline summary: 
  * Pipeline-0: initiation interval (II) = 1, depth = 7


============================================================
+ Verbose Summary: Schedule
============================================================
* Number of FSM states: 9
* Pipeline: 1
  Pipeline-0: II = 1, D = 7, States = { 2 3 4 5 6 7 8 }
* Dataflow Pipeline: 0

* FSM state transitions: 
1 --> 
	2  / true
2 --> 
	9  / (exitcond_flatten)
	3  / (!exitcond_flatten)
3 --> 
	4  / true
4 --> 
	5  / true
5 --> 
	6  / true
6 --> 
	7  / true
7 --> 
	8  / true
8 --> 
	2  / true
9 --> 
* FSM state operations: 

 <State 1>: 1.59ns
ST_1: StgValue_10 (27)  [1/1] 0.00ns
.preheader43.preheader:0  call void (...)* @_ssdm_op_SpecBitsMap(i24* %data_out), !map !97

ST_1: StgValue_11 (28)  [1/1] 0.00ns
.preheader43.preheader:1  call void (...)* @_ssdm_op_SpecBitsMap(i24* %data_in), !map !107

ST_1: StgValue_12 (29)  [1/1] 0.00ns
.preheader43.preheader:2  call void (...)* @_ssdm_op_SpecTopModule([11 x i8]* @filter_hls_str) nounwind

ST_1: StgValue_13 (30)  [1/1] 0.00ns
.preheader43.preheader:3  call void (...)* @_ssdm_op_SpecInterface(i24* %data_in, [5 x i8]* @p_str3, i32 1, i32 1, [5 x i8]* @p_str4, i32 0, i32 0, [1 x i8]* @p_str, [1 x i8]* @p_str, [1 x i8]* @p_str, i32 0, i32 0, i32 0, i32 0, [1 x i8]* @p_str, [1 x i8]* @p_str) nounwind

ST_1: StgValue_14 (31)  [1/1] 0.00ns
.preheader43.preheader:4  call void (...)* @_ssdm_op_SpecInterface(i24* %data_out, [5 x i8]* @p_str3, i32 1, i32 1, [5 x i8]* @p_str4, i32 0, i32 0, [1 x i8]* @p_str, [1 x i8]* @p_str, [1 x i8]* @p_str, i32 0, i32 0, i32 0, i32 0, [1 x i8]* @p_str, [1 x i8]* @p_str) nounwind

ST_1: window_r_V_0_2_load (32)  [1/1] 0.00ns  loc: ../cpp/filter_hls.h:21->../cpp/filter_hls.cpp:60
.preheader43.preheader:5  %window_r_V_0_2_load = load i8* @window_r_V_0_2, align 1

ST_1: window_g_V_0_2_load (33)  [1/1] 0.00ns  loc: ../cpp/filter_hls.h:21->../cpp/filter_hls.cpp:60
.preheader43.preheader:6  %window_g_V_0_2_load = load i8* @window_g_V_0_2, align 1

ST_1: window_b_V_0_2_load (34)  [1/1] 0.00ns  loc: ../cpp/filter_hls.h:21->../cpp/filter_hls.cpp:60
.preheader43.preheader:7  %window_b_V_0_2_load = load i8* @window_b_V_0_2, align 1

ST_1: window_r_V_1_2_load (35)  [1/1] 0.00ns  loc: ../cpp/filter_hls.h:21->../cpp/filter_hls.cpp:60
.preheader43.preheader:8  %window_r_V_1_2_load = load i8* @window_r_V_1_2, align 1

ST_1: window_g_V_1_2_load (36)  [1/1] 0.00ns  loc: ../cpp/filter_hls.h:21->../cpp/filter_hls.cpp:60
.preheader43.preheader:9  %window_g_V_1_2_load = load i8* @window_g_V_1_2, align 1

ST_1: window_b_V_1_2_load (37)  [1/1] 0.00ns  loc: ../cpp/filter_hls.h:21->../cpp/filter_hls.cpp:60
.preheader43.preheader:10  %window_b_V_1_2_load = load i8* @window_b_V_1_2, align 1

ST_1: window_r_V_2_2_load (38)  [1/1] 0.00ns  loc: ../cpp/filter_hls.h:21->../cpp/filter_hls.cpp:60
.preheader43.preheader:11  %window_r_V_2_2_load = load i8* @window_r_V_2_2, align 1

ST_1: window_g_V_2_2_load (39)  [1/1] 0.00ns  loc: ../cpp/filter_hls.h:21->../cpp/filter_hls.cpp:60
.preheader43.preheader:12  %window_g_V_2_2_load = load i8* @window_g_V_2_2, align 1

ST_1: window_b_V_2_2_load (40)  [1/1] 0.00ns  loc: ../cpp/filter_hls.h:21->../cpp/filter_hls.cpp:60
.preheader43.preheader:13  %window_b_V_2_2_load = load i8* @window_b_V_2_2, align 1

ST_1: StgValue_24 (41)  [1/1] 1.59ns  loc: ../cpp/filter_hls.cpp:54
.preheader43.preheader:14  br label %0


 <State 2>: 14.15ns
ST_2: indvar_flatten (43)  [1/1] 0.00ns
:0  %indvar_flatten = phi i21 [ 0, %.preheader43.preheader ], [ %indvar_flatten_next, %._crit_edge51 ]

ST_2: y (44)  [1/1] 0.00ns  loc: ../cpp/filter_hls.cpp:55
:1  %y = phi i11 [ 0, %.preheader43.preheader ], [ %y_mid2, %._crit_edge51 ]

ST_2: window_r_V_0_2_loc_1 (45)  [1/1] 0.00ns  loc: ../cpp/filter_hls.h:21->../cpp/filter_hls.cpp:60
:2  %window_r_V_0_2_loc_1 = phi i8 [ %window_r_V_0_2_load, %.preheader43.preheader ], [ %window_r_V_0_2_loc_2, %._crit_edge51 ]

ST_2: window_g_V_0_2_loc_1 (46)  [1/1] 0.00ns  loc: ../cpp/filter_hls.h:21->../cpp/filter_hls.cpp:60
:3  %window_g_V_0_2_loc_1 = phi i8 [ %window_g_V_0_2_load, %.preheader43.preheader ], [ %window_g_V_0_2_loc_2, %._crit_edge51 ]

ST_2: window_b_V_0_2_loc_1 (47)  [1/1] 0.00ns  loc: ../cpp/filter_hls.h:21->../cpp/filter_hls.cpp:60
:4  %window_b_V_0_2_loc_1 = phi i8 [ %window_b_V_0_2_load, %.preheader43.preheader ], [ %window_b_V_0_2_loc_2, %._crit_edge51 ]

ST_2: window_r_V_1_2_loc_1 (48)  [1/1] 0.00ns  loc: ../cpp/filter_hls.h:21->../cpp/filter_hls.cpp:60
:5  %window_r_V_1_2_loc_1 = phi i8 [ %window_r_V_1_2_load, %.preheader43.preheader ], [ %window_r_V_1_2_loc_2, %._crit_edge51 ]

ST_2: window_g_V_1_2_loc_1 (49)  [1/1] 0.00ns  loc: ../cpp/filter_hls.h:21->../cpp/filter_hls.cpp:60
:6  %window_g_V_1_2_loc_1 = phi i8 [ %window_g_V_1_2_load, %.preheader43.preheader ], [ %window_g_V_1_2_loc_2, %._crit_edge51 ]

ST_2: window_b_V_1_2_loc_1 (50)  [1/1] 0.00ns  loc: ../cpp/filter_hls.h:21->../cpp/filter_hls.cpp:60
:7  %window_b_V_1_2_loc_1 = phi i8 [ %window_b_V_1_2_load, %.preheader43.preheader ], [ %window_b_V_1_2_loc_2, %._crit_edge51 ]

ST_2: window_r_V_2_2_loc_1 (51)  [1/1] 0.00ns  loc: ../cpp/filter_hls.h:21->../cpp/filter_hls.cpp:60
:8  %window_r_V_2_2_loc_1 = phi i8 [ %window_r_V_2_2_load, %.preheader43.preheader ], [ %window_r_V_2_2_loc_2, %._crit_edge51 ]

ST_2: window_g_V_2_2_loc_1 (52)  [1/1] 0.00ns  loc: ../cpp/filter_hls.h:21->../cpp/filter_hls.cpp:60
:9  %window_g_V_2_2_loc_1 = phi i8 [ %window_g_V_2_2_load, %.preheader43.preheader ], [ %window_g_V_2_2_loc_2, %._crit_edge51 ]

ST_2: window_b_V_2_2_loc_1 (53)  [1/1] 0.00ns  loc: ../cpp/filter_hls.h:21->../cpp/filter_hls.cpp:60
:10  %window_b_V_2_2_loc_1 = phi i8 [ %window_b_V_2_2_load, %.preheader43.preheader ], [ %window_b_V_2_2_loc_2, %._crit_edge51 ]

ST_2: x (54)  [1/1] 0.00ns
:11  %x = phi i11 [ 0, %.preheader43.preheader ], [ %x_1, %._crit_edge51 ]

ST_2: tmp_1 (55)  [1/1] 2.94ns  loc: ../cpp/filter_hls.cpp:76
:12  %tmp_1 = icmp ult i11 %y, -968

ST_2: tmp_3 (56)  [1/1] 2.94ns  loc: ../cpp/filter_hls.cpp:85
:13  %tmp_3 = icmp ne i11 %y, 0

ST_2: exitcond_flatten (57)  [1/1] 3.15ns
:14  %exitcond_flatten = icmp eq i21 %indvar_flatten, -20551

ST_2: indvar_flatten_next (58)  [1/1] 2.59ns
:15  %indvar_flatten_next = add i21 %indvar_flatten, 1

ST_2: StgValue_41 (59)  [1/1] 0.00ns
:16  br i1 %exitcond_flatten, label %4, label %.reset

ST_2: exitcond (63)  [1/1] 2.94ns  loc: ../cpp/filter_hls.cpp:55
.reset:2  %exitcond = icmp eq i11 %x, -127

ST_2: x_mid2 (64)  [1/1] 2.07ns  loc: ../cpp/filter_hls.cpp:55
.reset:3  %x_mid2 = select i1 %exitcond, i11 0, i11 %x

ST_2: y_s (65)  [1/1] 2.33ns  loc: ../cpp/filter_hls.cpp:54
.reset:4  %y_s = add i11 %y, 1

ST_2: tmp_1_mid1 (66)  [1/1] 2.94ns  loc: ../cpp/filter_hls.cpp:76
.reset:5  %tmp_1_mid1 = icmp ult i11 %y_s, -968

ST_2: tmp_1_mid2 (67)  [1/1] 2.07ns  loc: ../cpp/filter_hls.cpp:76
.reset:6  %tmp_1_mid2 = select i1 %exitcond, i1 %tmp_1_mid1, i1 %tmp_1

ST_2: tmp_3_mid1 (68)  [1/1] 2.94ns  loc: ../cpp/filter_hls.cpp:85
.reset:7  %tmp_3_mid1 = icmp ne i11 %y_s, 0

ST_2: y_mid2 (70)  [1/1] 2.07ns  loc: ../cpp/filter_hls.cpp:55
.reset:9  %y_mid2 = select i1 %exitcond, i11 %y_s, i11 %y

ST_2: tmp_5 (92)  [1/1] 2.94ns  loc: ../cpp/filter_hls.cpp:62
.reset:31  %tmp_5 = icmp ult i11 %x_mid2, -128

ST_2: StgValue_50 (93)  [1/1] 0.00ns  loc: ../cpp/filter_hls.cpp:62
.reset:32  br i1 %tmp_5, label %.preheader38.preheader, label %.preheader.0

ST_2: or_cond (133)  [1/1] 2.07ns  loc: ../cpp/filter_hls.cpp:76
.loopexit:6  %or_cond = and i1 %tmp_5, %tmp_1_mid2

ST_2: StgValue_52 (134)  [1/1] 0.00ns  loc: ../cpp/filter_hls.cpp:76
.loopexit:7  br i1 %or_cond, label %1, label %2

ST_2: data_in_read (141)  [2/2] 0.00ns  loc: ../cpp/filter_hls.cpp:77
:0  %data_in_read = call i24 @_ssdm_op_Read.axis.volatile.i24P(i24* %data_in)


 <State 3>: 5.01ns
ST_3: tmp_3_mid2 (69)  [1/1] 2.07ns  loc: ../cpp/filter_hls.cpp:85
.reset:8  %tmp_3_mid2 = select i1 %exitcond, i1 %tmp_3_mid1, i1 %tmp_3

ST_3: tmp_4 (72)  [1/1] 0.00ns  loc: ../cpp/filter_hls.cpp:55
.reset:11  %tmp_4 = call i32 (...)* @_ssdm_op_SpecRegionBegin([7 x i8]* @p_str6)

ST_3: StgValue_56 (101)  [1/1] 1.59ns
.preheader.0:6  br label %.loopexit

ST_3: tmp_7 (103)  [1/1] 0.00ns  loc: ../cpp/filter_hls.cpp:65
.preheader38.preheader:0  %tmp_7 = zext i11 %x_mid2 to i64

ST_3: lines_r_V_0_addr (104)  [1/1] 0.00ns  loc: ../cpp/filter_hls.h:21->../cpp/filter_hls.cpp:65
.preheader38.preheader:1  %lines_r_V_0_addr = getelementptr [1920 x i8]* @lines_r_V_0, i64 0, i64 %tmp_7

ST_3: lines_r_V_0_load (105)  [2/2] 3.25ns  loc: ../cpp/filter_hls.h:21->../cpp/filter_hls.cpp:65
.preheader38.preheader:2  %lines_r_V_0_load = load i8* %lines_r_V_0_addr, align 1

ST_3: lines_g_V_0_addr (107)  [1/1] 0.00ns  loc: ../cpp/filter_hls.h:21->../cpp/filter_hls.cpp:65
.preheader38.preheader:4  %lines_g_V_0_addr = getelementptr [1920 x i8]* @lines_g_V_0, i64 0, i64 %tmp_7

ST_3: lines_g_V_0_load (108)  [2/2] 3.25ns  loc: ../cpp/filter_hls.h:21->../cpp/filter_hls.cpp:65
.preheader38.preheader:5  %lines_g_V_0_load = load i8* %lines_g_V_0_addr, align 1

ST_3: lines_b_V_0_addr (110)  [1/1] 0.00ns  loc: ../cpp/filter_hls.h:21->../cpp/filter_hls.cpp:65
.preheader38.preheader:7  %lines_b_V_0_addr = getelementptr [1920 x i8]* @lines_b_V_0, i64 0, i64 %tmp_7

ST_3: lines_b_V_0_load (111)  [2/2] 3.25ns  loc: ../cpp/filter_hls.h:21->../cpp/filter_hls.cpp:65
.preheader38.preheader:8  %lines_b_V_0_load = load i8* %lines_b_V_0_addr, align 1

ST_3: lines_r_V_1_addr (113)  [1/1] 0.00ns  loc: ../cpp/filter_hls.h:21->../cpp/filter_hls.cpp:65
.preheader38.preheader:10  %lines_r_V_1_addr = getelementptr [1920 x i8]* @lines_r_V_1, i64 0, i64 %tmp_7

ST_3: lines_r_V_1_load (114)  [2/2] 3.25ns  loc: ../cpp/filter_hls.h:21->../cpp/filter_hls.cpp:65
.preheader38.preheader:11  %lines_r_V_1_load = load i8* %lines_r_V_1_addr, align 1

ST_3: lines_g_V_1_addr (116)  [1/1] 0.00ns  loc: ../cpp/filter_hls.h:21->../cpp/filter_hls.cpp:65
.preheader38.preheader:13  %lines_g_V_1_addr = getelementptr [1920 x i8]* @lines_g_V_1, i64 0, i64 %tmp_7

ST_3: lines_g_V_1_load (117)  [2/2] 3.25ns  loc: ../cpp/filter_hls.h:21->../cpp/filter_hls.cpp:65
.preheader38.preheader:14  %lines_g_V_1_load = load i8* %lines_g_V_1_addr, align 1

ST_3: lines_b_V_1_addr (119)  [1/1] 0.00ns  loc: ../cpp/filter_hls.h:21->../cpp/filter_hls.cpp:65
.preheader38.preheader:16  %lines_b_V_1_addr = getelementptr [1920 x i8]* @lines_b_V_1, i64 0, i64 %tmp_7

ST_3: lines_b_V_1_load (120)  [2/2] 3.25ns  loc: ../cpp/filter_hls.h:21->../cpp/filter_hls.cpp:65
.preheader38.preheader:17  %lines_b_V_1_load = load i8* %lines_b_V_1_addr, align 1

ST_3: StgValue_70 (136)  [1/1] 1.59ns  loc: ../cpp/filter_hls.h:21->../cpp/filter_hls.cpp:81
:0  store i8 0, i8* @window_r_V_2_2, align 2

ST_3: StgValue_71 (137)  [1/1] 1.59ns  loc: ../cpp/filter_hls.h:21->../cpp/filter_hls.cpp:81
:1  store i8 0, i8* @window_g_V_2_2, align 1

ST_3: StgValue_72 (138)  [1/1] 1.59ns  loc: ../cpp/filter_hls.h:21->../cpp/filter_hls.cpp:81
:2  store i8 0, i8* @window_b_V_2_2, align 2

ST_3: StgValue_73 (139)  [1/1] 1.59ns
:3  br label %3

ST_3: data_in_read (141)  [1/2] 0.00ns  loc: ../cpp/filter_hls.cpp:77
:0  %data_in_read = call i24 @_ssdm_op_Read.axis.volatile.i24P(i24* %data_in)

ST_3: tmp_2 (142)  [1/1] 0.00ns  loc: ../cpp/filter_hls.cpp:77
:1  %tmp_2 = trunc i24 %data_in_read to i8

ST_3: data_in_g_V_load_new (143)  [1/1] 0.00ns  loc: ../cpp/filter_hls.cpp:77
:2  %data_in_g_V_load_new = call i8 @_ssdm_op_PartSelect.i8.i24.i32.i32(i24 %data_in_read, i32 8, i32 15)

ST_3: data_in_b_V_load_new (144)  [1/1] 0.00ns  loc: ../cpp/filter_hls.cpp:77
:3  %data_in_b_V_load_new = call i8 @_ssdm_op_PartSelect.i8.i24.i32.i32(i24 %data_in_read, i32 16, i32 23)

ST_3: StgValue_78 (145)  [1/1] 1.59ns  loc: ../cpp/filter_hls.h:21->../cpp/filter_hls.cpp:78
:4  store i8 %tmp_2, i8* @window_r_V_2_2, align 2

ST_3: StgValue_79 (146)  [1/1] 1.59ns  loc: ../cpp/filter_hls.h:21->../cpp/filter_hls.cpp:78
:5  store i8 %data_in_g_V_load_new, i8* @window_g_V_2_2, align 1

ST_3: StgValue_80 (147)  [1/1] 1.59ns  loc: ../cpp/filter_hls.h:21->../cpp/filter_hls.cpp:78
:6  store i8 %data_in_b_V_load_new, i8* @window_b_V_2_2, align 2

ST_3: StgValue_81 (155)  [1/1] 1.59ns  loc: ../cpp/filter_hls.cpp:80
:14  br label %3

ST_3: tmp_9 (160)  [1/1] 2.94ns  loc: ../cpp/filter_hls.cpp:85
:3  %tmp_9 = icmp ne i11 %x_mid2, 0

ST_3: or_cond1 (161)  [1/1] 2.07ns  loc: ../cpp/filter_hls.cpp:85
:4  %or_cond1 = and i1 %tmp_9, %tmp_3_mid2

ST_3: StgValue_84 (162)  [1/1] 0.00ns  loc: ../cpp/filter_hls.cpp:85
:5  br i1 %or_cond1, label %.preheader.preheader.i.0_ifconv, label %._crit_edge51

ST_3: empty (318)  [1/1] 0.00ns  loc: ../cpp/filter_hls.cpp:89
._crit_edge51:0  %empty = call i32 (...)* @_ssdm_op_SpecRegionEnd([7 x i8]* @p_str6, i32 %tmp_4)

ST_3: x_1 (319)  [1/1] 2.33ns  loc: ../cpp/filter_hls.cpp:55
._crit_edge51:1  %x_1 = add i11 %x_mid2, 1

ST_3: StgValue_87 (320)  [1/1] 0.00ns
._crit_edge51:2  br label %0


 <State 4>: 6.82ns
ST_4: window_r_V_0_1_load (74)  [1/1] 0.00ns  loc: ../cpp/filter_hls.h:21->../cpp/filter_hls.cpp:60
.reset:13  %window_r_V_0_1_load = load i8* @window_r_V_0_1, align 1

ST_4: window_g_V_0_1_load (75)  [1/1] 0.00ns  loc: ../cpp/filter_hls.h:21->../cpp/filter_hls.cpp:60
.reset:14  %window_g_V_0_1_load = load i8* @window_g_V_0_1, align 1

ST_4: window_b_V_0_1_load (76)  [1/1] 0.00ns  loc: ../cpp/filter_hls.h:21->../cpp/filter_hls.cpp:60
.reset:15  %window_b_V_0_1_load = load i8* @window_b_V_0_1, align 1

ST_4: StgValue_91 (77)  [1/1] 0.00ns  loc: ../cpp/filter_hls.h:21->../cpp/filter_hls.cpp:60
.reset:16  store i8 %window_r_V_0_2_loc_1, i8* @window_r_V_0_1, align 1

ST_4: StgValue_92 (78)  [1/1] 0.00ns  loc: ../cpp/filter_hls.h:21->../cpp/filter_hls.cpp:60
.reset:17  store i8 %window_g_V_0_2_loc_1, i8* @window_g_V_0_1, align 1

ST_4: StgValue_93 (79)  [1/1] 0.00ns  loc: ../cpp/filter_hls.h:21->../cpp/filter_hls.cpp:60
.reset:18  store i8 %window_b_V_0_2_loc_1, i8* @window_b_V_0_1, align 1

ST_4: window_r_V_1_1_load (80)  [1/1] 0.00ns  loc: ../cpp/filter_hls.h:21->../cpp/filter_hls.cpp:60
.reset:19  %window_r_V_1_1_load = load i8* @window_r_V_1_1, align 1

ST_4: window_g_V_1_1_load (81)  [1/1] 0.00ns  loc: ../cpp/filter_hls.h:21->../cpp/filter_hls.cpp:60
.reset:20  %window_g_V_1_1_load = load i8* @window_g_V_1_1, align 1

ST_4: window_b_V_1_1_load (82)  [1/1] 0.00ns  loc: ../cpp/filter_hls.h:21->../cpp/filter_hls.cpp:60
.reset:21  %window_b_V_1_1_load = load i8* @window_b_V_1_1, align 1

ST_4: StgValue_97 (83)  [1/1] 0.00ns  loc: ../cpp/filter_hls.h:21->../cpp/filter_hls.cpp:60
.reset:22  store i8 %window_r_V_1_2_loc_1, i8* @window_r_V_1_1, align 1

ST_4: StgValue_98 (84)  [1/1] 0.00ns  loc: ../cpp/filter_hls.h:21->../cpp/filter_hls.cpp:60
.reset:23  store i8 %window_g_V_1_2_loc_1, i8* @window_g_V_1_1, align 1

ST_4: StgValue_99 (85)  [1/1] 0.00ns  loc: ../cpp/filter_hls.h:21->../cpp/filter_hls.cpp:60
.reset:24  store i8 %window_b_V_1_2_loc_1, i8* @window_b_V_1_1, align 1

ST_4: StgValue_100 (95)  [1/1] 1.59ns  loc: ../cpp/filter_hls.h:21->../cpp/filter_hls.cpp:72
.preheader.0:0  store i8 0, i8* @window_r_V_0_2, align 1

ST_4: StgValue_101 (96)  [1/1] 1.59ns  loc: ../cpp/filter_hls.h:21->../cpp/filter_hls.cpp:72
.preheader.0:1  store i8 0, i8* @window_g_V_0_2, align 1

ST_4: StgValue_102 (97)  [1/1] 1.59ns  loc: ../cpp/filter_hls.h:21->../cpp/filter_hls.cpp:72
.preheader.0:2  store i8 0, i8* @window_b_V_0_2, align 1

ST_4: StgValue_103 (98)  [1/1] 1.59ns  loc: ../cpp/filter_hls.h:21->../cpp/filter_hls.cpp:72
.preheader.0:3  store i8 0, i8* @window_r_V_1_2, align 1

ST_4: StgValue_104 (99)  [1/1] 1.59ns  loc: ../cpp/filter_hls.h:21->../cpp/filter_hls.cpp:72
.preheader.0:4  store i8 0, i8* @window_g_V_1_2, align 1

ST_4: StgValue_105 (100)  [1/1] 1.59ns  loc: ../cpp/filter_hls.h:21->../cpp/filter_hls.cpp:72
.preheader.0:5  store i8 0, i8* @window_b_V_1_2, align 1

ST_4: lines_r_V_0_load (105)  [1/2] 3.25ns  loc: ../cpp/filter_hls.h:21->../cpp/filter_hls.cpp:65
.preheader38.preheader:2  %lines_r_V_0_load = load i8* %lines_r_V_0_addr, align 1

ST_4: StgValue_107 (106)  [1/1] 1.59ns  loc: ../cpp/filter_hls.h:21->../cpp/filter_hls.cpp:65
.preheader38.preheader:3  store i8 %lines_r_V_0_load, i8* @window_r_V_0_2, align 1

ST_4: lines_g_V_0_load (108)  [1/2] 3.25ns  loc: ../cpp/filter_hls.h:21->../cpp/filter_hls.cpp:65
.preheader38.preheader:5  %lines_g_V_0_load = load i8* %lines_g_V_0_addr, align 1

ST_4: StgValue_109 (109)  [1/1] 1.59ns  loc: ../cpp/filter_hls.h:21->../cpp/filter_hls.cpp:65
.preheader38.preheader:6  store i8 %lines_g_V_0_load, i8* @window_g_V_0_2, align 1

ST_4: lines_b_V_0_load (111)  [1/2] 3.25ns  loc: ../cpp/filter_hls.h:21->../cpp/filter_hls.cpp:65
.preheader38.preheader:8  %lines_b_V_0_load = load i8* %lines_b_V_0_addr, align 1

ST_4: StgValue_111 (112)  [1/1] 1.59ns  loc: ../cpp/filter_hls.h:21->../cpp/filter_hls.cpp:65
.preheader38.preheader:9  store i8 %lines_b_V_0_load, i8* @window_b_V_0_2, align 1

ST_4: lines_r_V_1_load (114)  [1/2] 3.25ns  loc: ../cpp/filter_hls.h:21->../cpp/filter_hls.cpp:65
.preheader38.preheader:11  %lines_r_V_1_load = load i8* %lines_r_V_1_addr, align 1

ST_4: StgValue_113 (115)  [1/1] 1.59ns  loc: ../cpp/filter_hls.h:21->../cpp/filter_hls.cpp:65
.preheader38.preheader:12  store i8 %lines_r_V_1_load, i8* @window_r_V_1_2, align 1

ST_4: lines_g_V_1_load (117)  [1/2] 3.25ns  loc: ../cpp/filter_hls.h:21->../cpp/filter_hls.cpp:65
.preheader38.preheader:14  %lines_g_V_1_load = load i8* %lines_g_V_1_addr, align 1

ST_4: StgValue_115 (118)  [1/1] 1.59ns  loc: ../cpp/filter_hls.h:21->../cpp/filter_hls.cpp:65
.preheader38.preheader:15  store i8 %lines_g_V_1_load, i8* @window_g_V_1_2, align 1

ST_4: lines_b_V_1_load (120)  [1/2] 3.25ns  loc: ../cpp/filter_hls.h:21->../cpp/filter_hls.cpp:65
.preheader38.preheader:17  %lines_b_V_1_load = load i8* %lines_b_V_1_addr, align 1

ST_4: StgValue_117 (121)  [1/1] 1.59ns  loc: ../cpp/filter_hls.h:21->../cpp/filter_hls.cpp:65
.preheader38.preheader:18  store i8 %lines_b_V_1_load, i8* @window_b_V_1_2, align 1

ST_4: StgValue_118 (122)  [1/1] 3.25ns  loc: ../cpp/filter_hls.h:21->../cpp/filter_hls.cpp:69
.preheader38.preheader:19  store i8 %lines_r_V_1_load, i8* %lines_r_V_0_addr, align 1

ST_4: StgValue_119 (123)  [1/1] 3.25ns  loc: ../cpp/filter_hls.h:21->../cpp/filter_hls.cpp:69
.preheader38.preheader:20  store i8 %lines_g_V_1_load, i8* %lines_g_V_0_addr, align 1

ST_4: StgValue_120 (124)  [1/1] 3.25ns  loc: ../cpp/filter_hls.h:21->../cpp/filter_hls.cpp:69
.preheader38.preheader:21  store i8 %lines_b_V_1_load, i8* %lines_b_V_0_addr, align 1

ST_4: StgValue_121 (125)  [1/1] 1.59ns
.preheader38.preheader:22  br label %.loopexit

ST_4: window_r_V_0_2_loc_2 (127)  [1/1] 0.00ns  loc: ../cpp/filter_hls.h:21->../cpp/filter_hls.cpp:65
.loopexit:0  %window_r_V_0_2_loc_2 = phi i8 [ %lines_r_V_0_load, %.preheader38.preheader ], [ 0, %.preheader.0 ]

ST_4: window_g_V_0_2_loc_2 (128)  [1/1] 0.00ns  loc: ../cpp/filter_hls.h:21->../cpp/filter_hls.cpp:65
.loopexit:1  %window_g_V_0_2_loc_2 = phi i8 [ %lines_g_V_0_load, %.preheader38.preheader ], [ 0, %.preheader.0 ]

ST_4: window_b_V_0_2_loc_2 (129)  [1/1] 0.00ns  loc: ../cpp/filter_hls.h:21->../cpp/filter_hls.cpp:65
.loopexit:2  %window_b_V_0_2_loc_2 = phi i8 [ %lines_b_V_0_load, %.preheader38.preheader ], [ 0, %.preheader.0 ]

ST_4: window_r_V_1_2_loc_2 (130)  [1/1] 0.00ns  loc: ../cpp/filter_hls.h:21->../cpp/filter_hls.cpp:65
.loopexit:3  %window_r_V_1_2_loc_2 = phi i8 [ %lines_r_V_1_load, %.preheader38.preheader ], [ 0, %.preheader.0 ]

ST_4: window_g_V_1_2_loc_2 (131)  [1/1] 0.00ns  loc: ../cpp/filter_hls.h:21->../cpp/filter_hls.cpp:65
.loopexit:4  %window_g_V_1_2_loc_2 = phi i8 [ %lines_g_V_1_load, %.preheader38.preheader ], [ 0, %.preheader.0 ]

ST_4: window_b_V_1_2_loc_2 (132)  [1/1] 0.00ns  loc: ../cpp/filter_hls.h:21->../cpp/filter_hls.cpp:65
.loopexit:5  %window_b_V_1_2_loc_2 = phi i8 [ %lines_b_V_1_load, %.preheader38.preheader ], [ 0, %.preheader.0 ]

ST_4: tmp_8 (148)  [1/1] 0.00ns  loc: ../cpp/filter_hls.cpp:79
:7  %tmp_8 = zext i11 %x_mid2 to i64

ST_4: lines_r_V_1_addr_1 (149)  [1/1] 0.00ns  loc: ../cpp/filter_hls.h:21->../cpp/filter_hls.cpp:79
:8  %lines_r_V_1_addr_1 = getelementptr [1920 x i8]* @lines_r_V_1, i64 0, i64 %tmp_8

ST_4: StgValue_130 (150)  [1/1] 3.25ns  loc: ../cpp/filter_hls.h:21->../cpp/filter_hls.cpp:79
:9  store i8 %tmp_2, i8* %lines_r_V_1_addr_1, align 1

ST_4: lines_g_V_1_addr_1 (151)  [1/1] 0.00ns  loc: ../cpp/filter_hls.h:21->../cpp/filter_hls.cpp:79
:10  %lines_g_V_1_addr_1 = getelementptr [1920 x i8]* @lines_g_V_1, i64 0, i64 %tmp_8

ST_4: StgValue_132 (152)  [1/1] 3.25ns  loc: ../cpp/filter_hls.h:21->../cpp/filter_hls.cpp:79
:11  store i8 %data_in_g_V_load_new, i8* %lines_g_V_1_addr_1, align 1

ST_4: lines_b_V_1_addr_1 (153)  [1/1] 0.00ns  loc: ../cpp/filter_hls.h:21->../cpp/filter_hls.cpp:79
:12  %lines_b_V_1_addr_1 = getelementptr [1920 x i8]* @lines_b_V_1, i64 0, i64 %tmp_8

ST_4: StgValue_134 (154)  [1/1] 3.25ns  loc: ../cpp/filter_hls.h:21->../cpp/filter_hls.cpp:79
:13  store i8 %data_in_b_V_load_new, i8* %lines_b_V_1_addr_1, align 1

ST_4: window_r_V_2_2_loc_2 (157)  [1/1] 0.00ns  loc: ../cpp/filter_hls.cpp:77
:0  %window_r_V_2_2_loc_2 = phi i8 [ %tmp_2, %1 ], [ 0, %2 ]

ST_4: window_g_V_2_2_loc_2 (158)  [1/1] 0.00ns  loc: ../cpp/filter_hls.cpp:77
:1  %window_g_V_2_2_loc_2 = phi i8 [ %data_in_g_V_load_new, %1 ], [ 0, %2 ]

ST_4: window_b_V_2_2_loc_2 (159)  [1/1] 0.00ns  loc: ../cpp/filter_hls.cpp:77
:2  %window_b_V_2_2_loc_2 = phi i8 [ %data_in_b_V_load_new, %1 ], [ 0, %2 ]

ST_4: p_Val2_s (164)  [1/1] 0.00ns  loc: ../cpp/filter_hls.cpp:19->../cpp/filter_hls.cpp:86
.preheader.preheader.i.0_ifconv:0  %p_Val2_s = call i15 @_ssdm_op_BitConcatenate.i15.i8.i7(i8 %window_r_V_0_1_load, i7 0)

ST_4: p_Val2_11_cast (165)  [1/1] 0.00ns  loc: ../cpp/filter_hls.cpp:19->../cpp/filter_hls.cpp:86
.preheader.preheader.i.0_ifconv:1  %p_Val2_11_cast = zext i15 %p_Val2_s to i17

ST_4: p_Val2_4 (166)  [1/1] 0.00ns  loc: ../cpp/filter_hls.cpp:20->../cpp/filter_hls.cpp:86
.preheader.preheader.i.0_ifconv:2  %p_Val2_4 = call i15 @_ssdm_op_BitConcatenate.i15.i8.i7(i8 %window_g_V_0_1_load, i7 0)

ST_4: p_Val2_4_cast (167)  [1/1] 0.00ns  loc: ../cpp/filter_hls.cpp:20->../cpp/filter_hls.cpp:86
.preheader.preheader.i.0_ifconv:3  %p_Val2_4_cast = zext i15 %p_Val2_4 to i17

ST_4: p_Val2_7 (168)  [1/1] 0.00ns  loc: ../cpp/filter_hls.cpp:21->../cpp/filter_hls.cpp:86
.preheader.preheader.i.0_ifconv:4  %p_Val2_7 = call i15 @_ssdm_op_BitConcatenate.i15.i8.i7(i8 %window_b_V_0_1_load, i7 0)

ST_4: p_Val2_7_cast (169)  [1/1] 0.00ns  loc: ../cpp/filter_hls.cpp:21->../cpp/filter_hls.cpp:86
.preheader.preheader.i.0_ifconv:5  %p_Val2_7_cast = zext i15 %p_Val2_7 to i17

ST_4: p_Val2_1_0_1 (170)  [1/1] 0.00ns  loc: ../cpp/filter_hls.cpp:19->../cpp/filter_hls.cpp:86
.preheader.preheader.i.0_ifconv:6  %p_Val2_1_0_1 = call i16 @_ssdm_op_BitConcatenate.i16.i8.i8(i8 %window_r_V_0_2_loc_1, i8 0)

ST_4: p_Val2_1_0_1_cast (171)  [1/1] 0.00ns  loc: ../cpp/filter_hls.cpp:19->../cpp/filter_hls.cpp:86
.preheader.preheader.i.0_ifconv:7  %p_Val2_1_0_1_cast = zext i16 %p_Val2_1_0_1 to i20

ST_4: p_Val2_4_0_1 (172)  [1/1] 0.00ns  loc: ../cpp/filter_hls.cpp:20->../cpp/filter_hls.cpp:86
.preheader.preheader.i.0_ifconv:8  %p_Val2_4_0_1 = call i16 @_ssdm_op_BitConcatenate.i16.i8.i8(i8 %window_g_V_0_2_loc_1, i8 0)

ST_4: p_Val2_4_0_1_cast (173)  [1/1] 0.00ns  loc: ../cpp/filter_hls.cpp:20->../cpp/filter_hls.cpp:86
.preheader.preheader.i.0_ifconv:9  %p_Val2_4_0_1_cast = zext i16 %p_Val2_4_0_1 to i20

ST_4: p_Val2_7_0_1 (174)  [1/1] 0.00ns  loc: ../cpp/filter_hls.cpp:21->../cpp/filter_hls.cpp:86
.preheader.preheader.i.0_ifconv:10  %p_Val2_7_0_1 = call i16 @_ssdm_op_BitConcatenate.i16.i8.i8(i8 %window_b_V_0_2_loc_1, i8 0)

ST_4: p_Val2_7_0_1_cast (175)  [1/1] 0.00ns  loc: ../cpp/filter_hls.cpp:21->../cpp/filter_hls.cpp:86
.preheader.preheader.i.0_ifconv:11  %p_Val2_7_0_1_cast = zext i16 %p_Val2_7_0_1 to i20

ST_4: p_Val2_1_0_2 (176)  [1/1] 0.00ns  loc: ../cpp/filter_hls.cpp:19->../cpp/filter_hls.cpp:86
.preheader.preheader.i.0_ifconv:12  %p_Val2_1_0_2 = call i15 @_ssdm_op_BitConcatenate.i15.i8.i7(i8 %window_r_V_0_2_loc_2, i7 0)

ST_4: p_Val2_1_0_2_cast (177)  [1/1] 0.00ns  loc: ../cpp/filter_hls.cpp:19->../cpp/filter_hls.cpp:86
.preheader.preheader.i.0_ifconv:13  %p_Val2_1_0_2_cast = zext i15 %p_Val2_1_0_2 to i18

ST_4: p_Val2_4_0_2 (178)  [1/1] 0.00ns  loc: ../cpp/filter_hls.cpp:20->../cpp/filter_hls.cpp:86
.preheader.preheader.i.0_ifconv:14  %p_Val2_4_0_2 = call i15 @_ssdm_op_BitConcatenate.i15.i8.i7(i8 %window_g_V_0_2_loc_2, i7 0)

ST_4: p_Val2_4_0_2_cast (179)  [1/1] 0.00ns  loc: ../cpp/filter_hls.cpp:20->../cpp/filter_hls.cpp:86
.preheader.preheader.i.0_ifconv:15  %p_Val2_4_0_2_cast = zext i15 %p_Val2_4_0_2 to i18

ST_4: p_Val2_7_0_2 (180)  [1/1] 0.00ns  loc: ../cpp/filter_hls.cpp:21->../cpp/filter_hls.cpp:86
.preheader.preheader.i.0_ifconv:16  %p_Val2_7_0_2 = call i15 @_ssdm_op_BitConcatenate.i15.i8.i7(i8 %window_b_V_0_2_loc_2, i7 0)

ST_4: p_Val2_7_0_2_cast (181)  [1/1] 0.00ns  loc: ../cpp/filter_hls.cpp:21->../cpp/filter_hls.cpp:86
.preheader.preheader.i.0_ifconv:17  %p_Val2_7_0_2_cast = zext i15 %p_Val2_7_0_2 to i18

ST_4: p_Val2_1_1 (182)  [1/1] 0.00ns  loc: ../cpp/filter_hls.cpp:19->../cpp/filter_hls.cpp:86
.preheader.preheader.i.0_ifconv:18  %p_Val2_1_1 = call i16 @_ssdm_op_BitConcatenate.i16.i8.i8(i8 %window_r_V_1_1_load, i8 0)

ST_4: p_Val2_1_1_cast (183)  [1/1] 0.00ns  loc: ../cpp/filter_hls.cpp:19->../cpp/filter_hls.cpp:86
.preheader.preheader.i.0_ifconv:19  %p_Val2_1_1_cast = zext i16 %p_Val2_1_1 to i17

ST_4: p_Val2_4_1 (184)  [1/1] 0.00ns  loc: ../cpp/filter_hls.cpp:20->../cpp/filter_hls.cpp:86
.preheader.preheader.i.0_ifconv:20  %p_Val2_4_1 = call i16 @_ssdm_op_BitConcatenate.i16.i8.i8(i8 %window_g_V_1_1_load, i8 0)

ST_4: p_Val2_4_1_cast (185)  [1/1] 0.00ns  loc: ../cpp/filter_hls.cpp:20->../cpp/filter_hls.cpp:86
.preheader.preheader.i.0_ifconv:21  %p_Val2_4_1_cast = zext i16 %p_Val2_4_1 to i17

ST_4: p_Val2_7_1 (186)  [1/1] 0.00ns  loc: ../cpp/filter_hls.cpp:21->../cpp/filter_hls.cpp:86
.preheader.preheader.i.0_ifconv:22  %p_Val2_7_1 = call i16 @_ssdm_op_BitConcatenate.i16.i8.i8(i8 %window_b_V_1_1_load, i8 0)

ST_4: p_Val2_7_1_cast (187)  [1/1] 0.00ns  loc: ../cpp/filter_hls.cpp:21->../cpp/filter_hls.cpp:86
.preheader.preheader.i.0_ifconv:23  %p_Val2_7_1_cast = zext i16 %p_Val2_7_1 to i17

ST_4: p_shl2 (188)  [1/1] 0.00ns  loc: ../cpp/filter_hls.cpp:19->../cpp/filter_hls.cpp:86
.preheader.preheader.i.0_ifconv:24  %p_shl2 = call i19 @_ssdm_op_BitConcatenate.i19.i8.i11(i8 %window_r_V_1_2_loc_1, i11 0)

ST_4: p_shl2_cast (189)  [1/1] 0.00ns  loc: ../cpp/filter_hls.cpp:19->../cpp/filter_hls.cpp:86
.preheader.preheader.i.0_ifconv:25  %p_shl2_cast = zext i19 %p_shl2 to i20

ST_4: p_shl3 (190)  [1/1] 0.00ns  loc: ../cpp/filter_hls.cpp:19->../cpp/filter_hls.cpp:86
.preheader.preheader.i.0_ifconv:26  %p_shl3 = call i17 @_ssdm_op_BitConcatenate.i17.i8.i9(i8 %window_r_V_1_2_loc_1, i9 0)

ST_4: p_shl3_cast (191)  [1/1] 0.00ns  loc: ../cpp/filter_hls.cpp:19->../cpp/filter_hls.cpp:86
.preheader.preheader.i.0_ifconv:27  %p_shl3_cast = zext i17 %p_shl3 to i20

ST_4: p_Val2_1_1_1 (192)  [1/1] 2.01ns  loc: ../cpp/filter_hls.cpp:19->../cpp/filter_hls.cpp:86
.preheader.preheader.i.0_ifconv:28  %p_Val2_1_1_1 = sub i20 %p_shl3_cast, %p_shl2_cast

ST_4: p_shl4 (193)  [1/1] 0.00ns  loc: ../cpp/filter_hls.cpp:20->../cpp/filter_hls.cpp:86
.preheader.preheader.i.0_ifconv:29  %p_shl4 = call i19 @_ssdm_op_BitConcatenate.i19.i8.i11(i8 %window_g_V_1_2_loc_1, i11 0)

ST_4: p_shl4_cast (194)  [1/1] 0.00ns  loc: ../cpp/filter_hls.cpp:20->../cpp/filter_hls.cpp:86
.preheader.preheader.i.0_ifconv:30  %p_shl4_cast = zext i19 %p_shl4 to i20

ST_4: p_shl5 (195)  [1/1] 0.00ns  loc: ../cpp/filter_hls.cpp:20->../cpp/filter_hls.cpp:86
.preheader.preheader.i.0_ifconv:31  %p_shl5 = call i17 @_ssdm_op_BitConcatenate.i17.i8.i9(i8 %window_g_V_1_2_loc_1, i9 0)

ST_4: p_shl5_cast (196)  [1/1] 0.00ns  loc: ../cpp/filter_hls.cpp:20->../cpp/filter_hls.cpp:86
.preheader.preheader.i.0_ifconv:32  %p_shl5_cast = zext i17 %p_shl5 to i20

ST_4: p_Val2_4_1_1 (197)  [1/1] 2.01ns  loc: ../cpp/filter_hls.cpp:20->../cpp/filter_hls.cpp:86
.preheader.preheader.i.0_ifconv:33  %p_Val2_4_1_1 = sub i20 %p_shl5_cast, %p_shl4_cast

ST_4: p_shl6 (198)  [1/1] 0.00ns  loc: ../cpp/filter_hls.cpp:21->../cpp/filter_hls.cpp:86
.preheader.preheader.i.0_ifconv:34  %p_shl6 = call i19 @_ssdm_op_BitConcatenate.i19.i8.i11(i8 %window_b_V_1_2_loc_1, i11 0)

ST_4: p_shl6_cast (199)  [1/1] 0.00ns  loc: ../cpp/filter_hls.cpp:21->../cpp/filter_hls.cpp:86
.preheader.preheader.i.0_ifconv:35  %p_shl6_cast = zext i19 %p_shl6 to i20

ST_4: p_shl7 (200)  [1/1] 0.00ns  loc: ../cpp/filter_hls.cpp:21->../cpp/filter_hls.cpp:86
.preheader.preheader.i.0_ifconv:36  %p_shl7 = call i17 @_ssdm_op_BitConcatenate.i17.i8.i9(i8 %window_b_V_1_2_loc_1, i9 0)

ST_4: p_shl7_cast (201)  [1/1] 0.00ns  loc: ../cpp/filter_hls.cpp:21->../cpp/filter_hls.cpp:86
.preheader.preheader.i.0_ifconv:37  %p_shl7_cast = zext i17 %p_shl7 to i20

ST_4: p_Val2_7_1_1 (202)  [1/1] 2.01ns  loc: ../cpp/filter_hls.cpp:21->../cpp/filter_hls.cpp:86
.preheader.preheader.i.0_ifconv:38  %p_Val2_7_1_1 = sub i20 %p_shl7_cast, %p_shl6_cast

ST_4: p_Val2_1_2_2 (221)  [1/1] 0.00ns  loc: ../cpp/filter_hls.cpp:19->../cpp/filter_hls.cpp:86
.preheader.preheader.i.0_ifconv:57  %p_Val2_1_2_2 = call i15 @_ssdm_op_BitConcatenate.i15.i8.i7(i8 %window_r_V_2_2_loc_2, i7 0)

ST_4: p_Val2_1_2_2_cast (222)  [1/1] 0.00ns  loc: ../cpp/filter_hls.cpp:19->../cpp/filter_hls.cpp:86
.preheader.preheader.i.0_ifconv:58  %p_Val2_1_2_2_cast = zext i15 %p_Val2_1_2_2 to i18

ST_4: tmp2 (225)  [1/1] 2.01ns  loc: ../cpp/filter_hls.cpp:19->../cpp/filter_hls.cpp:86
.preheader.preheader.i.0_ifconv:61  %tmp2 = add i20 %p_Val2_1_0_1_cast, %p_Val2_1_1_1

ST_4: tmp5 (229)  [1/1] 2.39ns  loc: ../cpp/filter_hls.cpp:19->../cpp/filter_hls.cpp:86
.preheader.preheader.i.0_ifconv:65  %tmp5 = add i17 %p_Val2_1_1_cast, %p_Val2_11_cast

ST_4: tmp6 (231)  [1/1] 1.98ns  loc: ../cpp/filter_hls.cpp:19->../cpp/filter_hls.cpp:86
.preheader.preheader.i.0_ifconv:67  %tmp6 = add i18 130048, %p_Val2_1_2_2_cast

ST_4: tmp7 (232)  [1/1] 1.98ns  loc: ../cpp/filter_hls.cpp:19->../cpp/filter_hls.cpp:86
.preheader.preheader.i.0_ifconv:68  %tmp7 = add i18 %p_Val2_1_0_2_cast, %tmp6

ST_4: p_Val2_4_2_2 (239)  [1/1] 0.00ns  loc: ../cpp/filter_hls.cpp:20->../cpp/filter_hls.cpp:86
.preheader.preheader.i.0_ifconv:75  %p_Val2_4_2_2 = call i15 @_ssdm_op_BitConcatenate.i15.i8.i7(i8 %window_g_V_2_2_loc_2, i7 0)

ST_4: p_Val2_4_2_2_cast (240)  [1/1] 0.00ns  loc: ../cpp/filter_hls.cpp:20->../cpp/filter_hls.cpp:86
.preheader.preheader.i.0_ifconv:76  %p_Val2_4_2_2_cast = zext i15 %p_Val2_4_2_2 to i18

ST_4: tmp9 (243)  [1/1] 2.01ns  loc: ../cpp/filter_hls.cpp:20->../cpp/filter_hls.cpp:86
.preheader.preheader.i.0_ifconv:79  %tmp9 = add i20 %p_Val2_4_0_1_cast, %p_Val2_4_1_1

ST_4: tmp12 (247)  [1/1] 2.39ns  loc: ../cpp/filter_hls.cpp:20->../cpp/filter_hls.cpp:86
.preheader.preheader.i.0_ifconv:83  %tmp12 = add i17 %p_Val2_4_1_cast, %p_Val2_4_cast

ST_4: tmp13 (249)  [1/1] 1.98ns  loc: ../cpp/filter_hls.cpp:20->../cpp/filter_hls.cpp:86
.preheader.preheader.i.0_ifconv:85  %tmp13 = add i18 130048, %p_Val2_4_2_2_cast

ST_4: tmp14 (250)  [1/1] 1.98ns  loc: ../cpp/filter_hls.cpp:20->../cpp/filter_hls.cpp:86
.preheader.preheader.i.0_ifconv:86  %tmp14 = add i18 %p_Val2_4_0_2_cast, %tmp13

ST_4: p_Val2_7_2_2 (257)  [1/1] 0.00ns  loc: ../cpp/filter_hls.cpp:21->../cpp/filter_hls.cpp:86
.preheader.preheader.i.0_ifconv:93  %p_Val2_7_2_2 = call i15 @_ssdm_op_BitConcatenate.i15.i8.i7(i8 %window_b_V_2_2_loc_2, i7 0)

ST_4: p_Val2_7_2_2_cast (258)  [1/1] 0.00ns  loc: ../cpp/filter_hls.cpp:21->../cpp/filter_hls.cpp:86
.preheader.preheader.i.0_ifconv:94  %p_Val2_7_2_2_cast = zext i15 %p_Val2_7_2_2 to i18

ST_4: tmp17 (261)  [1/1] 2.01ns  loc: ../cpp/filter_hls.cpp:21->../cpp/filter_hls.cpp:86
.preheader.preheader.i.0_ifconv:97  %tmp17 = add i20 %p_Val2_7_0_1_cast, %p_Val2_7_1_1

ST_4: tmp20 (265)  [1/1] 2.39ns  loc: ../cpp/filter_hls.cpp:21->../cpp/filter_hls.cpp:86
.preheader.preheader.i.0_ifconv:101  %tmp20 = add i17 %p_Val2_7_1_cast, %p_Val2_7_cast

ST_4: tmp21 (267)  [1/1] 1.98ns  loc: ../cpp/filter_hls.cpp:21->../cpp/filter_hls.cpp:86
.preheader.preheader.i.0_ifconv:103  %tmp21 = add i18 130048, %p_Val2_7_2_2_cast

ST_4: tmp22 (268)  [1/1] 1.98ns  loc: ../cpp/filter_hls.cpp:21->../cpp/filter_hls.cpp:86
.preheader.preheader.i.0_ifconv:104  %tmp22 = add i18 %p_Val2_7_0_2_cast, %tmp21


 <State 5>: 6.95ns
ST_5: StgValue_195 (61)  [1/1] 0.00ns
.reset:0  call void (...)* @_ssdm_op_SpecLoopName([14 x i8]* @y_loop_x_loop_str)

ST_5: empty_7 (62)  [1/1] 0.00ns
.reset:1  %empty_7 = call i32 (...)* @_ssdm_op_SpecLoopTripCount(i64 2076601, i64 2076601, i64 2076601)

ST_5: StgValue_197 (71)  [1/1] 0.00ns  loc: ../cpp/filter_hls.cpp:55
.reset:10  call void (...)* @_ssdm_op_SpecLoopName([7 x i8]* @p_str6) nounwind

ST_5: StgValue_198 (73)  [1/1] 0.00ns  loc: ../cpp/filter_hls.cpp:56
.reset:12  call void (...)* @_ssdm_op_SpecPipeline(i32 1, i32 1, i32 1, i32 0, [1 x i8]* @p_str) nounwind

ST_5: window_r_V_2_1_load (86)  [1/1] 0.00ns  loc: ../cpp/filter_hls.h:21->../cpp/filter_hls.cpp:60
.reset:25  %window_r_V_2_1_load = load i8* @window_r_V_2_1, align 1

ST_5: window_g_V_2_1_load (87)  [1/1] 0.00ns  loc: ../cpp/filter_hls.h:21->../cpp/filter_hls.cpp:60
.reset:26  %window_g_V_2_1_load = load i8* @window_g_V_2_1, align 1

ST_5: window_b_V_2_1_load (88)  [1/1] 0.00ns  loc: ../cpp/filter_hls.h:21->../cpp/filter_hls.cpp:60
.reset:27  %window_b_V_2_1_load = load i8* @window_b_V_2_1, align 1

ST_5: StgValue_202 (89)  [1/1] 0.00ns  loc: ../cpp/filter_hls.h:21->../cpp/filter_hls.cpp:60
.reset:28  store i8 %window_r_V_2_2_loc_1, i8* @window_r_V_2_1, align 1

ST_5: StgValue_203 (90)  [1/1] 0.00ns  loc: ../cpp/filter_hls.h:21->../cpp/filter_hls.cpp:60
.reset:29  store i8 %window_g_V_2_2_loc_1, i8* @window_g_V_2_1, align 1

ST_5: StgValue_204 (91)  [1/1] 0.00ns  loc: ../cpp/filter_hls.h:21->../cpp/filter_hls.cpp:60
.reset:30  store i8 %window_b_V_2_2_loc_1, i8* @window_b_V_2_1, align 1

ST_5: p_Val2_1_1_2 (203)  [1/1] 0.00ns  loc: ../cpp/filter_hls.cpp:19->../cpp/filter_hls.cpp:86
.preheader.preheader.i.0_ifconv:39  %p_Val2_1_1_2 = call i16 @_ssdm_op_BitConcatenate.i16.i8.i8(i8 %window_r_V_1_2_loc_2, i8 0)

ST_5: p_Val2_1_1_2_cast (204)  [1/1] 0.00ns  loc: ../cpp/filter_hls.cpp:19->../cpp/filter_hls.cpp:86
.preheader.preheader.i.0_ifconv:40  %p_Val2_1_1_2_cast = zext i16 %p_Val2_1_1_2 to i20

ST_5: p_Val2_4_1_2 (205)  [1/1] 0.00ns  loc: ../cpp/filter_hls.cpp:20->../cpp/filter_hls.cpp:86
.preheader.preheader.i.0_ifconv:41  %p_Val2_4_1_2 = call i16 @_ssdm_op_BitConcatenate.i16.i8.i8(i8 %window_g_V_1_2_loc_2, i8 0)

ST_5: p_Val2_4_1_2_cast (206)  [1/1] 0.00ns  loc: ../cpp/filter_hls.cpp:20->../cpp/filter_hls.cpp:86
.preheader.preheader.i.0_ifconv:42  %p_Val2_4_1_2_cast = zext i16 %p_Val2_4_1_2 to i20

ST_5: p_Val2_7_1_2 (207)  [1/1] 0.00ns  loc: ../cpp/filter_hls.cpp:21->../cpp/filter_hls.cpp:86
.preheader.preheader.i.0_ifconv:43  %p_Val2_7_1_2 = call i16 @_ssdm_op_BitConcatenate.i16.i8.i8(i8 %window_b_V_1_2_loc_2, i8 0)

ST_5: p_Val2_7_1_2_cast (208)  [1/1] 0.00ns  loc: ../cpp/filter_hls.cpp:21->../cpp/filter_hls.cpp:86
.preheader.preheader.i.0_ifconv:44  %p_Val2_7_1_2_cast = zext i16 %p_Val2_7_1_2 to i20

ST_5: p_Val2_1_2 (209)  [1/1] 0.00ns  loc: ../cpp/filter_hls.cpp:19->../cpp/filter_hls.cpp:86
.preheader.preheader.i.0_ifconv:45  %p_Val2_1_2 = call i15 @_ssdm_op_BitConcatenate.i15.i8.i7(i8 %window_r_V_2_1_load, i7 0)

ST_5: p_Val2_1_2_cast (210)  [1/1] 0.00ns  loc: ../cpp/filter_hls.cpp:19->../cpp/filter_hls.cpp:86
.preheader.preheader.i.0_ifconv:46  %p_Val2_1_2_cast = zext i15 %p_Val2_1_2 to i17

ST_5: p_Val2_4_2 (211)  [1/1] 0.00ns  loc: ../cpp/filter_hls.cpp:20->../cpp/filter_hls.cpp:86
.preheader.preheader.i.0_ifconv:47  %p_Val2_4_2 = call i15 @_ssdm_op_BitConcatenate.i15.i8.i7(i8 %window_g_V_2_1_load, i7 0)

ST_5: p_Val2_4_2_cast (212)  [1/1] 0.00ns  loc: ../cpp/filter_hls.cpp:20->../cpp/filter_hls.cpp:86
.preheader.preheader.i.0_ifconv:48  %p_Val2_4_2_cast = zext i15 %p_Val2_4_2 to i17

ST_5: p_Val2_7_2 (213)  [1/1] 0.00ns  loc: ../cpp/filter_hls.cpp:21->../cpp/filter_hls.cpp:86
.preheader.preheader.i.0_ifconv:49  %p_Val2_7_2 = call i15 @_ssdm_op_BitConcatenate.i15.i8.i7(i8 %window_b_V_2_1_load, i7 0)

ST_5: p_Val2_7_2_cast (214)  [1/1] 0.00ns  loc: ../cpp/filter_hls.cpp:21->../cpp/filter_hls.cpp:86
.preheader.preheader.i.0_ifconv:50  %p_Val2_7_2_cast = zext i15 %p_Val2_7_2 to i17

ST_5: p_Val2_1_2_1 (215)  [1/1] 0.00ns  loc: ../cpp/filter_hls.cpp:19->../cpp/filter_hls.cpp:86
.preheader.preheader.i.0_ifconv:51  %p_Val2_1_2_1 = call i16 @_ssdm_op_BitConcatenate.i16.i8.i8(i8 %window_r_V_2_2_loc_1, i8 0)

ST_5: p_Val2_1_2_1_cast (216)  [1/1] 0.00ns  loc: ../cpp/filter_hls.cpp:19->../cpp/filter_hls.cpp:86
.preheader.preheader.i.0_ifconv:52  %p_Val2_1_2_1_cast = zext i16 %p_Val2_1_2_1 to i17

ST_5: p_Val2_4_2_1 (217)  [1/1] 0.00ns  loc: ../cpp/filter_hls.cpp:20->../cpp/filter_hls.cpp:86
.preheader.preheader.i.0_ifconv:53  %p_Val2_4_2_1 = call i16 @_ssdm_op_BitConcatenate.i16.i8.i8(i8 %window_g_V_2_2_loc_1, i8 0)

ST_5: p_Val2_4_2_1_cast (218)  [1/1] 0.00ns  loc: ../cpp/filter_hls.cpp:20->../cpp/filter_hls.cpp:86
.preheader.preheader.i.0_ifconv:54  %p_Val2_4_2_1_cast = zext i16 %p_Val2_4_2_1 to i17

ST_5: p_Val2_7_2_1 (219)  [1/1] 0.00ns  loc: ../cpp/filter_hls.cpp:21->../cpp/filter_hls.cpp:86
.preheader.preheader.i.0_ifconv:55  %p_Val2_7_2_1 = call i16 @_ssdm_op_BitConcatenate.i16.i8.i8(i8 %window_b_V_2_2_loc_1, i8 0)

ST_5: p_Val2_7_2_1_cast (220)  [1/1] 0.00ns  loc: ../cpp/filter_hls.cpp:21->../cpp/filter_hls.cpp:86
.preheader.preheader.i.0_ifconv:56  %p_Val2_7_2_1_cast = zext i16 %p_Val2_7_2_1 to i17

ST_5: tmp1 (223)  [1/1] 2.39ns  loc: ../cpp/filter_hls.cpp:19->../cpp/filter_hls.cpp:86
.preheader.preheader.i.0_ifconv:59  %tmp1 = add i17 %p_Val2_1_2_cast, %p_Val2_1_2_1_cast

ST_5: tmp23_cast (224)  [1/1] 0.00ns  loc: ../cpp/filter_hls.cpp:19->../cpp/filter_hls.cpp:86
.preheader.preheader.i.0_ifconv:60  %tmp23_cast = zext i17 %tmp1 to i20

ST_5: tmp3 (226)  [1/1] 2.01ns  loc: ../cpp/filter_hls.cpp:19->../cpp/filter_hls.cpp:86
.preheader.preheader.i.0_ifconv:62  %tmp3 = add i20 %p_Val2_1_1_2_cast, %tmp2

ST_5: tmp4 (227)  [1/1] 2.01ns  loc: ../cpp/filter_hls.cpp:19->../cpp/filter_hls.cpp:86
.preheader.preheader.i.0_ifconv:63  %tmp4 = add i20 %tmp23_cast, %tmp3

ST_5: tmp22_cast (228)  [1/1] 0.00ns  loc: ../cpp/filter_hls.cpp:19->../cpp/filter_hls.cpp:86
.preheader.preheader.i.0_ifconv:64  %tmp22_cast = sext i20 %tmp4 to i21

ST_5: tmp27_cast (230)  [1/1] 0.00ns  loc: ../cpp/filter_hls.cpp:19->../cpp/filter_hls.cpp:86
.preheader.preheader.i.0_ifconv:66  %tmp27_cast = zext i17 %tmp5 to i19

ST_5: tmp28_cast (233)  [1/1] 0.00ns  loc: ../cpp/filter_hls.cpp:19->../cpp/filter_hls.cpp:86
.preheader.preheader.i.0_ifconv:69  %tmp28_cast = zext i18 %tmp7 to i19

ST_5: tmp8 (234)  [1/1] 2.47ns  loc: ../cpp/filter_hls.cpp:19->../cpp/filter_hls.cpp:86
.preheader.preheader.i.0_ifconv:70  %tmp8 = add i19 %tmp27_cast, %tmp28_cast

ST_5: tmp26_cast (235)  [1/1] 0.00ns  loc: ../cpp/filter_hls.cpp:19->../cpp/filter_hls.cpp:86
.preheader.preheader.i.0_ifconv:71  %tmp26_cast = zext i19 %tmp8 to i21

ST_5: tmp_s (236)  [1/1] 0.00ns  loc: ../cpp/filter_hls.cpp:19->../cpp/filter_hls.cpp:86
.preheader.preheader.i.0_ifconv:72  %tmp_s = zext i19 %tmp8 to i20

ST_5: p_Val2_2_2_2 (237)  [1/1] 2.55ns  loc: ../cpp/filter_hls.cpp:19->../cpp/filter_hls.cpp:86
.preheader.preheader.i.0_ifconv:73  %p_Val2_2_2_2 = add i21 %tmp22_cast, %tmp26_cast

ST_5: p_Val2_2_2_2_cast (238)  [1/1] 2.55ns  loc: ../cpp/filter_hls.cpp:19->../cpp/filter_hls.cpp:86
.preheader.preheader.i.0_ifconv:74  %p_Val2_2_2_2_cast = add i20 %tmp_s, %tmp4

ST_5: tmp (241)  [1/1] 2.39ns  loc: ../cpp/filter_hls.cpp:20->../cpp/filter_hls.cpp:86
.preheader.preheader.i.0_ifconv:77  %tmp = add i17 %p_Val2_4_2_cast, %p_Val2_4_2_1_cast

ST_5: tmp31_cast (242)  [1/1] 0.00ns  loc: ../cpp/filter_hls.cpp:20->../cpp/filter_hls.cpp:86
.preheader.preheader.i.0_ifconv:78  %tmp31_cast = zext i17 %tmp to i20

ST_5: tmp10 (244)  [1/1] 2.01ns  loc: ../cpp/filter_hls.cpp:20->../cpp/filter_hls.cpp:86
.preheader.preheader.i.0_ifconv:80  %tmp10 = add i20 %p_Val2_4_1_2_cast, %tmp9

ST_5: tmp11 (245)  [1/1] 2.01ns  loc: ../cpp/filter_hls.cpp:20->../cpp/filter_hls.cpp:86
.preheader.preheader.i.0_ifconv:81  %tmp11 = add i20 %tmp31_cast, %tmp10

ST_5: tmp30_cast (246)  [1/1] 0.00ns  loc: ../cpp/filter_hls.cpp:20->../cpp/filter_hls.cpp:86
.preheader.preheader.i.0_ifconv:82  %tmp30_cast = sext i20 %tmp11 to i21

ST_5: tmp35_cast (248)  [1/1] 0.00ns  loc: ../cpp/filter_hls.cpp:20->../cpp/filter_hls.cpp:86
.preheader.preheader.i.0_ifconv:84  %tmp35_cast = zext i17 %tmp12 to i19

ST_5: tmp36_cast (251)  [1/1] 0.00ns  loc: ../cpp/filter_hls.cpp:20->../cpp/filter_hls.cpp:86
.preheader.preheader.i.0_ifconv:87  %tmp36_cast = zext i18 %tmp14 to i19

ST_5: tmp15 (252)  [1/1] 2.47ns  loc: ../cpp/filter_hls.cpp:20->../cpp/filter_hls.cpp:86
.preheader.preheader.i.0_ifconv:88  %tmp15 = add i19 %tmp35_cast, %tmp36_cast

ST_5: tmp34_cast (253)  [1/1] 0.00ns  loc: ../cpp/filter_hls.cpp:20->../cpp/filter_hls.cpp:86
.preheader.preheader.i.0_ifconv:89  %tmp34_cast = zext i19 %tmp15 to i21

ST_5: tmp_6 (254)  [1/1] 0.00ns  loc: ../cpp/filter_hls.cpp:20->../cpp/filter_hls.cpp:86
.preheader.preheader.i.0_ifconv:90  %tmp_6 = zext i19 %tmp15 to i20

ST_5: p_Val2_5_2_2 (255)  [1/1] 2.55ns  loc: ../cpp/filter_hls.cpp:20->../cpp/filter_hls.cpp:86
.preheader.preheader.i.0_ifconv:91  %p_Val2_5_2_2 = add i21 %tmp30_cast, %tmp34_cast

ST_5: p_Val2_5_2_2_cast (256)  [1/1] 2.55ns  loc: ../cpp/filter_hls.cpp:20->../cpp/filter_hls.cpp:86
.preheader.preheader.i.0_ifconv:92  %p_Val2_5_2_2_cast = add i20 %tmp_6, %tmp11

ST_5: tmp16 (259)  [1/1] 2.39ns  loc: ../cpp/filter_hls.cpp:21->../cpp/filter_hls.cpp:86
.preheader.preheader.i.0_ifconv:95  %tmp16 = add i17 %p_Val2_7_2_cast, %p_Val2_7_2_1_cast

ST_5: tmp39_cast (260)  [1/1] 0.00ns  loc: ../cpp/filter_hls.cpp:21->../cpp/filter_hls.cpp:86
.preheader.preheader.i.0_ifconv:96  %tmp39_cast = zext i17 %tmp16 to i20

ST_5: tmp18 (262)  [1/1] 2.01ns  loc: ../cpp/filter_hls.cpp:21->../cpp/filter_hls.cpp:86
.preheader.preheader.i.0_ifconv:98  %tmp18 = add i20 %p_Val2_7_1_2_cast, %tmp17

ST_5: tmp19 (263)  [1/1] 2.01ns  loc: ../cpp/filter_hls.cpp:21->../cpp/filter_hls.cpp:86
.preheader.preheader.i.0_ifconv:99  %tmp19 = add i20 %tmp39_cast, %tmp18

ST_5: tmp38_cast (264)  [1/1] 0.00ns  loc: ../cpp/filter_hls.cpp:21->../cpp/filter_hls.cpp:86
.preheader.preheader.i.0_ifconv:100  %tmp38_cast = sext i20 %tmp19 to i21

ST_5: tmp43_cast (266)  [1/1] 0.00ns  loc: ../cpp/filter_hls.cpp:21->../cpp/filter_hls.cpp:86
.preheader.preheader.i.0_ifconv:102  %tmp43_cast = zext i17 %tmp20 to i19

ST_5: tmp44_cast (269)  [1/1] 0.00ns  loc: ../cpp/filter_hls.cpp:21->../cpp/filter_hls.cpp:86
.preheader.preheader.i.0_ifconv:105  %tmp44_cast = zext i18 %tmp22 to i19

ST_5: tmp23 (270)  [1/1] 2.47ns  loc: ../cpp/filter_hls.cpp:21->../cpp/filter_hls.cpp:86
.preheader.preheader.i.0_ifconv:106  %tmp23 = add i19 %tmp43_cast, %tmp44_cast

ST_5: tmp42_cast (271)  [1/1] 0.00ns  loc: ../cpp/filter_hls.cpp:21->../cpp/filter_hls.cpp:86
.preheader.preheader.i.0_ifconv:107  %tmp42_cast = zext i19 %tmp23 to i21

ST_5: tmp_10 (272)  [1/1] 0.00ns  loc: ../cpp/filter_hls.cpp:21->../cpp/filter_hls.cpp:86
.preheader.preheader.i.0_ifconv:108  %tmp_10 = zext i19 %tmp23 to i20

ST_5: p_Val2_8_2_2 (273)  [1/1] 2.55ns  loc: ../cpp/filter_hls.cpp:21->../cpp/filter_hls.cpp:86
.preheader.preheader.i.0_ifconv:109  %p_Val2_8_2_2 = add i21 %tmp38_cast, %tmp42_cast

ST_5: p_Val2_8_2_2_cast (274)  [1/1] 2.55ns  loc: ../cpp/filter_hls.cpp:21->../cpp/filter_hls.cpp:86
.preheader.preheader.i.0_ifconv:110  %p_Val2_8_2_2_cast = add i20 %tmp_10, %tmp19

ST_5: tmp_27 (275)  [1/1] 0.00ns  loc: ../cpp/filter_hls.cpp:24->../cpp/filter_hls.cpp:86
.preheader.preheader.i.0_ifconv:111  %tmp_27 = call i1 @_ssdm_op_BitSelect.i1.i21.i32(i21 %p_Val2_2_2_2, i32 20)

ST_5: tmp_29 (280)  [1/1] 0.00ns  loc: ../cpp/filter_hls.cpp:28->../cpp/filter_hls.cpp:86
.preheader.preheader.i.0_ifconv:116  %tmp_29 = call i1 @_ssdm_op_BitSelect.i1.i21.i32(i21 %p_Val2_5_2_2, i32 20)

ST_5: tmp_31 (285)  [1/1] 0.00ns  loc: ../cpp/filter_hls.cpp:32->../cpp/filter_hls.cpp:86
.preheader.preheader.i.0_ifconv:121  %tmp_31 = call i1 @_ssdm_op_BitSelect.i1.i21.i32(i21 %p_Val2_8_2_2, i32 20)


 <State 6>: 5.22ns
ST_6: tmp_11 (276)  [1/1] 3.15ns  loc: ../cpp/filter_hls.cpp:26->../cpp/filter_hls.cpp:86
.preheader.preheader.i.0_ifconv:112  %tmp_11 = icmp sgt i21 %p_Val2_2_2_2, 261120

ST_6: p_sum_r_cast (277)  [1/1] 0.00ns  loc: ../cpp/filter_hls.cpp:36->../cpp/filter_hls.cpp:86 (grouped into LUT with out node p_Val2_s_6)
.preheader.preheader.i.0_ifconv:113  %p_sum_r_cast = select i1 %tmp_27, i20 0, i20 261120

ST_6: tmp_12 (278)  [1/1] 0.00ns  loc: ../cpp/filter_hls.cpp:36->../cpp/filter_hls.cpp:86 (grouped into LUT with out node p_Val2_s_6)
.preheader.preheader.i.0_ifconv:114  %tmp_12 = or i1 %tmp_27, %tmp_11

ST_6: p_Val2_s_6 (279)  [1/1] 2.07ns  loc: ../cpp/filter_hls.cpp:36->../cpp/filter_hls.cpp:86 (out node of the LUT)
.preheader.preheader.i.0_ifconv:115  %p_Val2_s_6 = select i1 %tmp_12, i20 %p_sum_r_cast, i20 %p_Val2_2_2_2_cast

ST_6: tmp_13 (281)  [1/1] 3.15ns  loc: ../cpp/filter_hls.cpp:30->../cpp/filter_hls.cpp:86
.preheader.preheader.i.0_ifconv:117  %tmp_13 = icmp sgt i21 %p_Val2_5_2_2, 261120

ST_6: p_sum_g_cast (282)  [1/1] 0.00ns  loc: ../cpp/filter_hls.cpp:37->../cpp/filter_hls.cpp:86 (grouped into LUT with out node p_Val2_2)
.preheader.preheader.i.0_ifconv:118  %p_sum_g_cast = select i1 %tmp_29, i20 0, i20 261120

ST_6: tmp_14 (283)  [1/1] 0.00ns  loc: ../cpp/filter_hls.cpp:37->../cpp/filter_hls.cpp:86 (grouped into LUT with out node p_Val2_2)
.preheader.preheader.i.0_ifconv:119  %tmp_14 = or i1 %tmp_29, %tmp_13

ST_6: p_Val2_2 (284)  [1/1] 2.07ns  loc: ../cpp/filter_hls.cpp:37->../cpp/filter_hls.cpp:86 (out node of the LUT)
.preheader.preheader.i.0_ifconv:120  %p_Val2_2 = select i1 %tmp_14, i20 %p_sum_g_cast, i20 %p_Val2_5_2_2_cast

ST_6: tmp_15 (286)  [1/1] 3.15ns  loc: ../cpp/filter_hls.cpp:34->../cpp/filter_hls.cpp:86
.preheader.preheader.i.0_ifconv:122  %tmp_15 = icmp sgt i21 %p_Val2_8_2_2, 261120

ST_6: p_sum_b_cast (287)  [1/1] 0.00ns  loc: ../cpp/filter_hls.cpp:38->../cpp/filter_hls.cpp:86 (grouped into LUT with out node p_Val2_1)
.preheader.preheader.i.0_ifconv:123  %p_sum_b_cast = select i1 %tmp_31, i20 0, i20 261120

ST_6: tmp_19 (288)  [1/1] 0.00ns  loc: ../cpp/filter_hls.cpp:38->../cpp/filter_hls.cpp:86 (grouped into LUT with out node p_Val2_1)
.preheader.preheader.i.0_ifconv:124  %tmp_19 = or i1 %tmp_31, %tmp_15

ST_6: p_Val2_1 (289)  [1/1] 2.07ns  loc: ../cpp/filter_hls.cpp:38->../cpp/filter_hls.cpp:86 (out node of the LUT)
.preheader.preheader.i.0_ifconv:125  %p_Val2_1 = select i1 %tmp_19, i20 %p_sum_b_cast, i20 %p_Val2_8_2_2_cast

ST_6: ret_V_cast (290)  [1/1] 0.00ns  loc: ../cpp/filter_hls.cpp:36->../cpp/filter_hls.cpp:86
.preheader.preheader.i.0_ifconv:126  %ret_V_cast = call i8 @_ssdm_op_PartSelect.i8.i20.i32.i32(i20 %p_Val2_s_6, i32 10, i32 17)

ST_6: tmp_35 (292)  [1/1] 0.00ns  loc: ../cpp/filter_hls.cpp:36->../cpp/filter_hls.cpp:86
.preheader.preheader.i.0_ifconv:128  %tmp_35 = trunc i20 %p_Val2_s_6 to i10

ST_6: tmp_20 (295)  [1/1] 0.00ns  loc: ../cpp/filter_hls.cpp:36->../cpp/filter_hls.cpp:86
.preheader.preheader.i.0_ifconv:131  %tmp_20 = call i8 @_ssdm_op_PartSelect.i8.i20.i32.i32(i20 %p_Val2_s_6, i32 10, i32 17)

ST_6: ret_V_2_cast (298)  [1/1] 0.00ns  loc: ../cpp/filter_hls.cpp:37->../cpp/filter_hls.cpp:86
.preheader.preheader.i.0_ifconv:134  %ret_V_2_cast = call i8 @_ssdm_op_PartSelect.i8.i20.i32.i32(i20 %p_Val2_2, i32 10, i32 17)

ST_6: tmp_39 (300)  [1/1] 0.00ns  loc: ../cpp/filter_hls.cpp:37->../cpp/filter_hls.cpp:86
.preheader.preheader.i.0_ifconv:136  %tmp_39 = trunc i20 %p_Val2_2 to i10

ST_6: tmp_23 (303)  [1/1] 0.00ns  loc: ../cpp/filter_hls.cpp:37->../cpp/filter_hls.cpp:86
.preheader.preheader.i.0_ifconv:139  %tmp_23 = call i8 @_ssdm_op_PartSelect.i8.i20.i32.i32(i20 %p_Val2_2, i32 10, i32 17)

ST_6: ret_V_4_cast (306)  [1/1] 0.00ns  loc: ../cpp/filter_hls.cpp:38->../cpp/filter_hls.cpp:86
.preheader.preheader.i.0_ifconv:142  %ret_V_4_cast = call i8 @_ssdm_op_PartSelect.i8.i20.i32.i32(i20 %p_Val2_1, i32 10, i32 17)

ST_6: tmp_43 (308)  [1/1] 0.00ns  loc: ../cpp/filter_hls.cpp:38->../cpp/filter_hls.cpp:86
.preheader.preheader.i.0_ifconv:144  %tmp_43 = trunc i20 %p_Val2_1 to i10

ST_6: tmp_26 (311)  [1/1] 0.00ns  loc: ../cpp/filter_hls.cpp:38->../cpp/filter_hls.cpp:86
.preheader.preheader.i.0_ifconv:147  %tmp_26 = call i8 @_ssdm_op_PartSelect.i8.i20.i32.i32(i20 %p_Val2_1, i32 10, i32 17)


 <State 7>: 5.09ns
ST_7: tmp_33 (291)  [1/1] 0.00ns  loc: ../cpp/filter_hls.cpp:36->../cpp/filter_hls.cpp:86 (grouped into LUT with out node tmp_22)
.preheader.preheader.i.0_ifconv:127  %tmp_33 = call i1 @_ssdm_op_BitSelect.i1.i20.i32(i20 %p_Val2_s_6, i32 19)

ST_7: tmp_16 (293)  [1/1] 3.02ns  loc: ../cpp/filter_hls.cpp:36->../cpp/filter_hls.cpp:86
.preheader.preheader.i.0_ifconv:129  %tmp_16 = icmp eq i10 %tmp_35, 0

ST_7: ret_V_1 (294)  [1/1] 2.32ns  loc: ../cpp/filter_hls.cpp:36->../cpp/filter_hls.cpp:86
.preheader.preheader.i.0_ifconv:130  %ret_V_1 = add i8 1, %ret_V_cast

ST_7: tmp_21 (296)  [1/1] 0.00ns  loc: ../cpp/filter_hls.cpp:36->../cpp/filter_hls.cpp:86 (grouped into LUT with out node tmp_22)
.preheader.preheader.i.0_ifconv:132  %tmp_21 = select i1 %tmp_16, i8 %tmp_20, i8 %ret_V_1

ST_7: tmp_22 (297)  [1/1] 2.07ns  loc: ../cpp/filter_hls.cpp:36->../cpp/filter_hls.cpp:86 (out node of the LUT)
.preheader.preheader.i.0_ifconv:133  %tmp_22 = select i1 %tmp_33, i8 %tmp_21, i8 %tmp_20

ST_7: tmp_37 (299)  [1/1] 0.00ns  loc: ../cpp/filter_hls.cpp:37->../cpp/filter_hls.cpp:86 (grouped into LUT with out node tmp_25)
.preheader.preheader.i.0_ifconv:135  %tmp_37 = call i1 @_ssdm_op_BitSelect.i1.i20.i32(i20 %p_Val2_2, i32 19)

ST_7: tmp_17 (301)  [1/1] 3.02ns  loc: ../cpp/filter_hls.cpp:37->../cpp/filter_hls.cpp:86
.preheader.preheader.i.0_ifconv:137  %tmp_17 = icmp eq i10 %tmp_39, 0

ST_7: ret_V_3 (302)  [1/1] 2.32ns  loc: ../cpp/filter_hls.cpp:37->../cpp/filter_hls.cpp:86
.preheader.preheader.i.0_ifconv:138  %ret_V_3 = add i8 1, %ret_V_2_cast

ST_7: tmp_24 (304)  [1/1] 0.00ns  loc: ../cpp/filter_hls.cpp:37->../cpp/filter_hls.cpp:86 (grouped into LUT with out node tmp_25)
.preheader.preheader.i.0_ifconv:140  %tmp_24 = select i1 %tmp_17, i8 %tmp_23, i8 %ret_V_3

ST_7: tmp_25 (305)  [1/1] 2.07ns  loc: ../cpp/filter_hls.cpp:37->../cpp/filter_hls.cpp:86 (out node of the LUT)
.preheader.preheader.i.0_ifconv:141  %tmp_25 = select i1 %tmp_37, i8 %tmp_24, i8 %tmp_23

ST_7: tmp_41 (307)  [1/1] 0.00ns  loc: ../cpp/filter_hls.cpp:38->../cpp/filter_hls.cpp:86 (grouped into LUT with out node tmp_30)
.preheader.preheader.i.0_ifconv:143  %tmp_41 = call i1 @_ssdm_op_BitSelect.i1.i20.i32(i20 %p_Val2_1, i32 19)

ST_7: tmp_18 (309)  [1/1] 3.02ns  loc: ../cpp/filter_hls.cpp:38->../cpp/filter_hls.cpp:86
.preheader.preheader.i.0_ifconv:145  %tmp_18 = icmp eq i10 %tmp_43, 0

ST_7: ret_V_5 (310)  [1/1] 2.32ns  loc: ../cpp/filter_hls.cpp:38->../cpp/filter_hls.cpp:86
.preheader.preheader.i.0_ifconv:146  %ret_V_5 = add i8 1, %ret_V_4_cast

ST_7: tmp_28 (312)  [1/1] 0.00ns  loc: ../cpp/filter_hls.cpp:38->../cpp/filter_hls.cpp:86 (grouped into LUT with out node tmp_30)
.preheader.preheader.i.0_ifconv:148  %tmp_28 = select i1 %tmp_18, i8 %tmp_26, i8 %ret_V_5

ST_7: tmp_30 (313)  [1/1] 2.07ns  loc: ../cpp/filter_hls.cpp:38->../cpp/filter_hls.cpp:86 (out node of the LUT)
.preheader.preheader.i.0_ifconv:149  %tmp_30 = select i1 %tmp_41, i8 %tmp_28, i8 %tmp_26

ST_7: data_out_b_V_addr (314)  [1/1] 0.00ns  loc: ../cpp/filter_hls.h:21->../cpp/filter_hls.cpp:87
.preheader.preheader.i.0_ifconv:150  %data_out_b_V_addr = call i24 @_ssdm_op_BitConcatenate.i24.i8.i8.i8(i8 %tmp_30, i8 %tmp_25, i8 %tmp_22)

ST_7: StgValue_299 (315)  [2/2] 0.00ns  loc: ../cpp/filter_hls.h:21->../cpp/filter_hls.cpp:87
.preheader.preheader.i.0_ifconv:151  call void @_ssdm_op_Write.axis.i24P(i24* %data_out, i24 %data_out_b_V_addr)


 <State 8>: 0.00ns
ST_8: StgValue_300 (315)  [1/2] 0.00ns  loc: ../cpp/filter_hls.h:21->../cpp/filter_hls.cpp:87
.preheader.preheader.i.0_ifconv:151  call void @_ssdm_op_Write.axis.i24P(i24* %data_out, i24 %data_out_b_V_addr)

ST_8: StgValue_301 (316)  [1/1] 0.00ns  loc: ../cpp/filter_hls.cpp:88
.preheader.preheader.i.0_ifconv:152  br label %._crit_edge51


 <State 9>: 0.00ns
ST_9: StgValue_302 (322)  [1/1] 0.00ns  loc: ../cpp/filter_hls.cpp:91
:0  ret void



============================================================
+ Verbose Summary: Timing violations
============================================================
Target clock period: 8ns, clock uncertainty: 1ns.

 <State 1>: 1.59ns
The critical path consists of the following:
	'load' operation ('window_r_V_0_2_load', ../cpp/filter_hls.h:21->../cpp/filter_hls.cpp:60) on static variable 'window_r_V_0_2' [32]  (0 ns)
	multiplexor before 'phi' operation ('indvar_flatten') with incoming values : ('indvar_flatten_next') [43]  (1.59 ns)

 <State 2>: 14.2ns
The critical path consists of the following:
	'phi' operation ('x') with incoming values : ('x', ../cpp/filter_hls.cpp:55) [54]  (0 ns)
	'icmp' operation ('exitcond', ../cpp/filter_hls.cpp:55) [63]  (2.94 ns)
	'select' operation ('x_mid2', ../cpp/filter_hls.cpp:55) [64]  (2.07 ns)
	'icmp' operation ('tmp_5', ../cpp/filter_hls.cpp:62) [92]  (2.94 ns)
	'and' operation ('or_cond', ../cpp/filter_hls.cpp:76) [133]  (2.07 ns)
	blocking operation 4.14 ns on control path)

 <State 3>: 5.01ns
The critical path consists of the following:
	'icmp' operation ('tmp_9', ../cpp/filter_hls.cpp:85) [160]  (2.94 ns)
	'and' operation ('or_cond1', ../cpp/filter_hls.cpp:85) [161]  (2.07 ns)

 <State 4>: 6.82ns
The critical path consists of the following:
	'load' operation ('lines_r_V_0_load', ../cpp/filter_hls.h:21->../cpp/filter_hls.cpp:65) on array 'lines_r_V_0' [105]  (3.25 ns)
	multiplexor before 'phi' operation ('window_r_V_0_2_loc_2', ../cpp/filter_hls.h:21->../cpp/filter_hls.cpp:65) with incoming values : ('lines_r_V_0_load', ../cpp/filter_hls.h:21->../cpp/filter_hls.cpp:65) [127]  (1.59 ns)
	'phi' operation ('window_r_V_0_2_loc_2', ../cpp/filter_hls.h:21->../cpp/filter_hls.cpp:65) with incoming values : ('lines_r_V_0_load', ../cpp/filter_hls.h:21->../cpp/filter_hls.cpp:65) [127]  (0 ns)
	'add' operation ('tmp7', ../cpp/filter_hls.cpp:19->../cpp/filter_hls.cpp:86) [232]  (1.98 ns)

 <State 5>: 6.95ns
The critical path consists of the following:
	'load' operation ('window_r_V_2_1_load', ../cpp/filter_hls.h:21->../cpp/filter_hls.cpp:60) on static variable 'window_r_V_2_1' [86]  (0 ns)
	'add' operation ('tmp1', ../cpp/filter_hls.cpp:19->../cpp/filter_hls.cpp:86) [223]  (2.39 ns)
	'add' operation ('tmp4', ../cpp/filter_hls.cpp:19->../cpp/filter_hls.cpp:86) [227]  (2.01 ns)
	'add' operation ('p_Val2_2_2_2', ../cpp/filter_hls.cpp:19->../cpp/filter_hls.cpp:86) [237]  (2.55 ns)

 <State 6>: 5.22ns
The critical path consists of the following:
	'icmp' operation ('tmp_11', ../cpp/filter_hls.cpp:26->../cpp/filter_hls.cpp:86) [276]  (3.15 ns)
	'or' operation ('tmp_12', ../cpp/filter_hls.cpp:36->../cpp/filter_hls.cpp:86) [278]  (0 ns)
	'select' operation ('__Val2__', ../cpp/filter_hls.cpp:36->../cpp/filter_hls.cpp:86) [279]  (2.07 ns)

 <State 7>: 5.09ns
The critical path consists of the following:
	'icmp' operation ('tmp_16', ../cpp/filter_hls.cpp:36->../cpp/filter_hls.cpp:86) [293]  (3.02 ns)
	'select' operation ('tmp_21', ../cpp/filter_hls.cpp:36->../cpp/filter_hls.cpp:86) [296]  (0 ns)
	'select' operation ('tmp_22', ../cpp/filter_hls.cpp:36->../cpp/filter_hls.cpp:86) [297]  (2.07 ns)

 <State 8>: 0ns
The critical path consists of the following:

 <State 9>: 0ns
The critical path consists of the following:


============================================================
+ Verbose Summary: Binding
============================================================
N/A
* FSMD analyzer results:
  - Output states:
 - Input state : 
  - Chain level:
	State 1
	State 2
	State 3
	State 4
	State 5
	State 6
	State 7
	State 8
	State 9


============================================================
+ Verbose Summary: Datapath Resource usage 
============================================================
N/A
